<?xml version="1.0" encoding="UTF-8"?>
<!-- Generated by org.testng.reporters.JUnitXMLReporter -->
<testsuite ignored="0" hostname="DESKTOP-R8GUMFN" failures="0" tests="3" name="Default test" time="231.932" errors="0" timestamp="2021-08-27T16:44:54 IST">
  <testcase classname="contact.CreateContactTest" name="TC_07_CreatingContactsSelectingReportsToandClearingItTest" time="65.131"/>
  <testcase classname="contact.CreateContactTest" name="TC_08_CreateOrganizationWithLeadSourceTest" time="47.585"/>
  <testcase classname="contact.CreateContactTest" name="TC_09_CreateOrganizationWithAssignedToAdministratorTest" time="44.393"/>
</testsuite> <!-- Default test -->
