<?xml version="1.0" encoding="UTF-8"?>
<!-- Generated by org.testng.reporters.JUnitXMLReporter -->
<testsuite ignored="0" hostname="DESKTOP-R8GUMFN" failures="0" tests="3" name="Testrunner2" time="530.085" errors="0" timestamp="2021-08-24T17:14:40 IST">
  <testcase classname="contact.CreateContactTest" name="TC_07_CreatingContactsSelectingReportsToandClearingItTest" time="208.598"/>
  <testcase classname="contact.CreateContactTest" name="TC_08_CreateOrganizationWithLeadSourceTest" time="66.928"/>
  <testcase classname="contact.CreateContactTest" name="TC_09_CreateOrganizationWithAssignedToAdministratorTest" time="57.716"/>
</testsuite> <!-- Testrunner2 -->
