<?xml version="1.0" encoding="UTF-8"?>
<!-- Generated by org.testng.reporters.JUnitXMLReporter -->
<testsuite ignored="0" hostname="DESKTOP-R8GUMFN" failures="0" tests="3" name="Testrunner1" time="541.842" errors="0" timestamp="2021-08-24T17:14:51 IST">
  <testcase classname="contact.CreateContactTest" name="TC_07_CreatingContactsSelectingReportsToandClearingItTest" time="207.885"/>
  <testcase classname="contact.CreateContactTest" name="TC_08_CreateOrganizationWithLeadSourceTest" time="73.411"/>
  <testcase classname="contact.CreateContactTest" name="TC_09_CreateOrganizationWithAssignedToAdministratorTest" time="45.519"/>
</testsuite> <!-- Testrunner1 -->
