<?xml version="1.0" encoding="UTF-8"?>
<!-- Generated by org.testng.reporters.JUnitXMLReporter -->
<testsuite ignored="2" hostname="DESKTOP-R8GUMFN" failures="1" tests="2" name="Test" time="80.621" errors="0" timestamp="2021-08-25T14:38:00 IST">
  <testcase classname="contact.HomePageReports" name="gettingHomePageTitle" time="0.076"/>
  <testcase classname="contact.OrganizationPageReport" name="gettingOrganizationPageTitle" time="0.004">
    <failure type="java.lang.NullPointerException" message="Cannot invoke &amp;quot;com.aventstack.extentreports.ExtentReports.createTest(String)&amp;quot; because &amp;quot;this.reports&amp;quot; is null">
      <![CDATA[java.lang.NullPointerException: Cannot invoke "com.aventstack.extentreports.ExtentReports.createTest(String)" because "this.reports" is null
at contact.OrganizationPageReport.gettingOrganizationPageTitle(OrganizationPageReport.java:10)
at java.base/java.util.ArrayList.forEach(ArrayList.java:1511)
... Removed 27 stack frames]]>
    </failure>
  </testcase> <!-- gettingOrganizationPageTitle -->
  <testcase classname="contact.ExtendBaseReport" name="@BeforeSuite beforeSuiteConfiguration" time="0.0">
    <ignored/>
  </testcase> <!-- @BeforeSuite beforeSuiteConfiguration -->
  <testcase classname="contact.ExtendBaseReport" name="@AfterSuite afterSuiteConfiguration" time="0.0">
    <ignored/>
  </testcase> <!-- @AfterSuite afterSuiteConfiguration -->
</testsuite> <!-- Test -->
